<?xml version="1.0" encoding="UTF-8"?>
<!-- Generated by org.testng.reporters.JUnitReportReporter -->
<testsuite hostname="ES-SYS-262" name="com.test.testng.annotationsTesting" tests="1" failures="0" timestamp="20 Jun 2016 11:28:14 GMT" time="19.819" errors="0">
  <testcase name="loginTest" time="19.819" classname="com.test.testng.annotationsTesting"/>
</testsuite> <!-- com.test.testng.annotationsTesting -->
