<?xml version="1.0" encoding="UTF-8"?>
<!-- Generated by org.testng.reporters.JUnitReportReporter -->
<testsuite hostname="ES-SYS-262" name="com.test.testng.annotationsTesting" tests="1" failures="0" timestamp="16 Jun 2016 12:15:10 GMT" time="0.002" errors="0">
  <testcase name="test1" time="0.002" classname="com.test.testng.annotationsTesting"/>
</testsuite>
