<?xml version="1.0" encoding="UTF-8"?>
<!-- Generated by org.testng.reporters.JUnitReportReporter -->
<testsuite hostname="ES-SYS-262" name="com.test.testng.annotationsTesting" tests="2" failures="0" timestamp="15 Jun 2016 09:52:59 GMT" time="0.002" errors="0">
  <testcase name="test1" time="0.001" classname="com.test.testng.annotationsTesting"/>
  <testcase name="test3" time="0.001" classname="com.test.testng.annotationsTesting"/>
</testsuite>
